This is pdfTeX, Version 3.14159265-2.6-1.40.18 (MiKTeX 2.9.6300 64-bit) (preloaded format=pdflatex 2017.9.9)  10 MAR 2020 23:23
entering extended mode
**./report.tex
(report.tex
LaTeX2e <2017-04-15>
Babel <3.9t> and hyphenation patterns for 76 language(s) loaded.
("A:\MiKTeX 2.9\tex\latex\base\article.cls"
Document Class: article 2014/09/29 v1.4h Standard LaTeX document class
("A:\MiKTeX 2.9\tex\latex\base\size12.clo"
File: size12.clo 2014/09/29 v1.4h Standard LaTeX file (size option)
)
\c@part=\count79
\c@section=\count80
\c@subsection=\count81
\c@subsubsection=\count82
\c@paragraph=\count83
\c@subparagraph=\count84
\c@figure=\count85
\c@table=\count86
\abovecaptionskip=\skip41
\belowcaptionskip=\skip42
\bibindent=\dimen102
)
("A:\MiKTeX 2.9\tex\latex\geometry\geometry.sty"
Package: geometry 2010/09/12 v5.6 Page Geometry

("A:\MiKTeX 2.9\tex\latex\graphics\keyval.sty"
Package: keyval 2014/10/28 v1.15 key=value parser (DPC)
\KV@toks@=\toks14
)
("A:\MiKTeX 2.9\tex\generic\oberdiek\ifpdf.sty"
Package: ifpdf 2017/03/15 v3.2 Provides the ifpdf switch
)
("A:\MiKTeX 2.9\tex\generic\oberdiek\ifvtex.sty"
Package: ifvtex 2016/05/16 v1.6 Detect VTeX and its facilities (HO)
Package ifvtex Info: VTeX not detected.
)
("A:\MiKTeX 2.9\tex\generic\ifxetex\ifxetex.sty"
Package: ifxetex 2010/09/12 v0.6 Provides ifxetex conditional
)
\Gm@cnth=\count87
\Gm@cntv=\count88
\c@Gm@tempcnt=\count89
\Gm@bindingoffset=\dimen103
\Gm@wd@mp=\dimen104
\Gm@odd@mp=\dimen105
\Gm@even@mp=\dimen106
\Gm@layoutwidth=\dimen107
\Gm@layoutheight=\dimen108
\Gm@layouthoffset=\dimen109
\Gm@layoutvoffset=\dimen110
\Gm@dimlist=\toks15

("A:\MiKTeX 2.9\tex\latex\geometry\geometry.cfg"))
("A:\MiKTeX 2.9\tex\latex\amsmath\amsmath.sty"
Package: amsmath 2016/11/05 v2.16a AMS math features
\@mathmargin=\skip43

For additional information on amsmath, use the `?' option.
("A:\MiKTeX 2.9\tex\latex\amsmath\amstext.sty"
Package: amstext 2000/06/29 v2.01 AMS text

("A:\MiKTeX 2.9\tex\latex\amsmath\amsgen.sty"
File: amsgen.sty 1999/11/30 v2.0 generic functions
\@emptytoks=\toks16
\ex@=\dimen111
))
("A:\MiKTeX 2.9\tex\latex\amsmath\amsbsy.sty"
Package: amsbsy 1999/11/29 v1.2d Bold Symbols
\pmbraise@=\dimen112
)
("A:\MiKTeX 2.9\tex\latex\amsmath\amsopn.sty"
Package: amsopn 2016/03/08 v2.02 operator names
)
\inf@bad=\count90
LaTeX Info: Redefining \frac on input line 213.
\uproot@=\count91
\leftroot@=\count92
LaTeX Info: Redefining \overline on input line 375.
\classnum@=\count93
\DOTSCASE@=\count94
LaTeX Info: Redefining \ldots on input line 472.
LaTeX Info: Redefining \dots on input line 475.
LaTeX Info: Redefining \cdots on input line 596.
\Mathstrutbox@=\box26
\strutbox@=\box27
\big@size=\dimen113
LaTeX Font Info:    Redeclaring font encoding OML on input line 712.
LaTeX Font Info:    Redeclaring font encoding OMS on input line 713.
\macc@depth=\count95
\c@MaxMatrixCols=\count96
\dotsspace@=\muskip10
\c@parentequation=\count97
\dspbrk@lvl=\count98
\tag@help=\toks17
\row@=\count99
\column@=\count100
\maxfields@=\count101
\andhelp@=\toks18
\eqnshift@=\dimen114
\alignsep@=\dimen115
\tagshift@=\dimen116
\tagwidth@=\dimen117
\totwidth@=\dimen118
\lineht@=\dimen119
\@envbody=\toks19
\multlinegap=\skip44
\multlinetaggap=\skip45
\mathdisplay@stack=\toks20
LaTeX Info: Redefining \[ on input line 2817.
LaTeX Info: Redefining \] on input line 2818.
)
("A:\MiKTeX 2.9\tex\latex\tcolorbox\tcolorbox.sty"
Package: tcolorbox 2017/04/25 version 4.03 text color boxes

("A:\MiKTeX 2.9\tex\latex\pgf\basiclayer\pgf.sty"
("A:\MiKTeX 2.9\tex\latex\pgf\utilities\pgfrcs.sty"
("A:\MiKTeX 2.9\tex\generic\pgf\utilities\pgfutil-common.tex"
\pgfutil@everybye=\toks21
\pgfutil@tempdima=\dimen120
\pgfutil@tempdimb=\dimen121

("A:\MiKTeX 2.9\tex\generic\pgf\utilities\pgfutil-common-lists.tex"))
("A:\MiKTeX 2.9\tex\generic\pgf\utilities\pgfutil-latex.def"
\pgfutil@abb=\box28

("A:\MiKTeX 2.9\tex\latex\ms\everyshi.sty"
Package: everyshi 2001/05/15 v3.00 EveryShipout Package (MS)
))
("A:\MiKTeX 2.9\tex\generic\pgf\utilities\pgfrcs.code.tex"
Package: pgfrcs 2015/08/07 v3.0.1a (rcs-revision 1.31)
))
Package: pgf 2015/08/07 v3.0.1a (rcs-revision 1.15)

("A:\MiKTeX 2.9\tex\latex\pgf\basiclayer\pgfcore.sty"
("A:\MiKTeX 2.9\tex\latex\graphics\graphicx.sty"
Package: graphicx 2014/10/28 v1.0g Enhanced LaTeX Graphics (DPC,SPQR)

("A:\MiKTeX 2.9\tex\latex\graphics\graphics.sty"
Package: graphics 2017/04/14 v1.1b Standard LaTeX Graphics (DPC,SPQR)

("A:\MiKTeX 2.9\tex\latex\graphics\trig.sty"
Package: trig 2016/01/03 v1.10 sin cos tan (DPC)
)
("A:\MiKTeX 2.9\tex\latex\graphics-cfg\graphics.cfg"
File: graphics.cfg 2016/06/04 v1.11 sample graphics configuration
)
Package graphics Info: Driver file: pdftex.def on input line 99.

("A:\MiKTeX 2.9\tex\latex\graphics-def\pdftex.def"
File: pdftex.def 2017/01/12 v0.06k Graphics/color for pdfTeX

("A:\MiKTeX 2.9\tex\generic\oberdiek\infwarerr.sty"
Package: infwarerr 2016/05/16 v1.4 Providing info/warning/error messages (HO)
)
("A:\MiKTeX 2.9\tex\generic\oberdiek\ltxcmds.sty"
Package: ltxcmds 2016/05/16 v1.23 LaTeX kernel commands for general use (HO)
)
\Gread@gobject=\count102
))
\Gin@req@height=\dimen122
\Gin@req@width=\dimen123
)
("A:\MiKTeX 2.9\tex\latex\pgf\systemlayer\pgfsys.sty"
("A:\MiKTeX 2.9\tex\generic\pgf\systemlayer\pgfsys.code.tex"
Package: pgfsys 2014/07/09 v3.0.1a (rcs-revision 1.48)

("A:\MiKTeX 2.9\tex\generic\pgf\utilities\pgfkeys.code.tex"
\pgfkeys@pathtoks=\toks22
\pgfkeys@temptoks=\toks23

("A:\MiKTeX 2.9\tex\generic\pgf\utilities\pgfkeysfiltered.code.tex"
\pgfkeys@tmptoks=\toks24
))
\pgf@x=\dimen124
\pgf@y=\dimen125
\pgf@xa=\dimen126
\pgf@ya=\dimen127
\pgf@xb=\dimen128
\pgf@yb=\dimen129
\pgf@xc=\dimen130
\pgf@yc=\dimen131
\w@pgf@writea=\write3
\r@pgf@reada=\read1
\c@pgf@counta=\count103
\c@pgf@countb=\count104
\c@pgf@countc=\count105
\c@pgf@countd=\count106
\t@pgf@toka=\toks25
\t@pgf@tokb=\toks26
\t@pgf@tokc=\toks27

("A:\MiKTeX 2.9\tex\generic\pgf\systemlayer\pgf.cfg"
File: pgf.cfg 2008/05/14  (rcs-revision 1.7)
)
Driver file for pgf: pgfsys-pdftex.def

("A:\MiKTeX 2.9\tex\generic\pgf\systemlayer\pgfsys-pdftex.def"
File: pgfsys-pdftex.def 2014/10/11  (rcs-revision 1.35)

("A:\MiKTeX 2.9\tex\generic\pgf\systemlayer\pgfsys-common-pdf.def"
File: pgfsys-common-pdf.def 2013/10/10  (rcs-revision 1.13)
)))
("A:\MiKTeX 2.9\tex\generic\pgf\systemlayer\pgfsyssoftpath.code.tex"
File: pgfsyssoftpath.code.tex 2013/09/09  (rcs-revision 1.9)
\pgfsyssoftpath@smallbuffer@items=\count107
\pgfsyssoftpath@bigbuffer@items=\count108
)
("A:\MiKTeX 2.9\tex\generic\pgf\systemlayer\pgfsysprotocol.code.tex"
File: pgfsysprotocol.code.tex 2006/10/16  (rcs-revision 1.4)
))
("A:\MiKTeX 2.9\tex\latex\xcolor\xcolor.sty"
Package: xcolor 2016/05/11 v2.12 LaTeX color extensions (UK)

("A:\MiKTeX 2.9\tex\latex\graphics-cfg\color.cfg"
File: color.cfg 2016/01/02 v1.6 sample color configuration
)
Package xcolor Info: Driver file: pdftex.def on input line 225.
Package xcolor Info: Model `cmy' substituted by `cmy0' on input line 1348.
Package xcolor Info: Model `hsb' substituted by `rgb' on input line 1352.
Package xcolor Info: Model `RGB' extended on input line 1364.
Package xcolor Info: Model `HTML' substituted by `rgb' on input line 1366.
Package xcolor Info: Model `Hsb' substituted by `hsb' on input line 1367.
Package xcolor Info: Model `tHsb' substituted by `hsb' on input line 1368.
Package xcolor Info: Model `HSB' substituted by `hsb' on input line 1369.
Package xcolor Info: Model `Gray' substituted by `gray' on input line 1370.
Package xcolor Info: Model `wave' substituted by `hsb' on input line 1371.
)
("A:\MiKTeX 2.9\tex\generic\pgf\basiclayer\pgfcore.code.tex"
Package: pgfcore 2010/04/11 v3.0.1a (rcs-revision 1.7)

("A:\MiKTeX 2.9\tex\generic\pgf\math\pgfmath.code.tex"
("A:\MiKTeX 2.9\tex\generic\pgf\math\pgfmathcalc.code.tex"
("A:\MiKTeX 2.9\tex\generic\pgf\math\pgfmathutil.code.tex")
("A:\MiKTeX 2.9\tex\generic\pgf\math\pgfmathparser.code.tex"
\pgfmath@dimen=\dimen132
\pgfmath@count=\count109
\pgfmath@box=\box29
\pgfmath@toks=\toks28
\pgfmath@stack@operand=\toks29
\pgfmath@stack@operation=\toks30
)
("A:\MiKTeX 2.9\tex\generic\pgf\math\pgfmathfunctions.code.tex"
("A:\MiKTeX 2.9\tex\generic\pgf\math\pgfmathfunctions.basic.code.tex")
("A:\MiKTeX 2.9\tex\generic\pgf\math\pgfmathfunctions.trigonometric.code.tex")
("A:\MiKTeX 2.9\tex\generic\pgf\math\pgfmathfunctions.random.code.tex")
("A:\MiKTeX 2.9\tex\generic\pgf\math\pgfmathfunctions.comparison.code.tex")
("A:\MiKTeX 2.9\tex\generic\pgf\math\pgfmathfunctions.base.code.tex")
("A:\MiKTeX 2.9\tex\generic\pgf\math\pgfmathfunctions.round.code.tex")
("A:\MiKTeX 2.9\tex\generic\pgf\math\pgfmathfunctions.misc.code.tex")
("A:\MiKTeX 2.9\tex\generic\pgf\math\pgfmathfunctions.integerarithmetics.code.t
ex"))) ("A:\MiKTeX 2.9\tex\generic\pgf\math\pgfmathfloat.code.tex"
\c@pgfmathroundto@lastzeros=\count110
))
("A:\MiKTeX 2.9\tex\generic\pgf\basiclayer\pgfcorepoints.code.tex"
File: pgfcorepoints.code.tex 2013/10/07  (rcs-revision 1.27)
\pgf@picminx=\dimen133
\pgf@picmaxx=\dimen134
\pgf@picminy=\dimen135
\pgf@picmaxy=\dimen136
\pgf@pathminx=\dimen137
\pgf@pathmaxx=\dimen138
\pgf@pathminy=\dimen139
\pgf@pathmaxy=\dimen140
\pgf@xx=\dimen141
\pgf@xy=\dimen142
\pgf@yx=\dimen143
\pgf@yy=\dimen144
\pgf@zx=\dimen145
\pgf@zy=\dimen146
)
("A:\MiKTeX 2.9\tex\generic\pgf\basiclayer\pgfcorepathconstruct.code.tex"
File: pgfcorepathconstruct.code.tex 2013/10/07  (rcs-revision 1.29)
\pgf@path@lastx=\dimen147
\pgf@path@lasty=\dimen148
)
("A:\MiKTeX 2.9\tex\generic\pgf\basiclayer\pgfcorepathusage.code.tex"
File: pgfcorepathusage.code.tex 2014/11/02  (rcs-revision 1.24)
\pgf@shorten@end@additional=\dimen149
\pgf@shorten@start@additional=\dimen150
)
("A:\MiKTeX 2.9\tex\generic\pgf\basiclayer\pgfcorescopes.code.tex"
File: pgfcorescopes.code.tex 2015/05/08  (rcs-revision 1.46)
\pgfpic=\box30
\pgf@hbox=\box31
\pgf@layerbox@main=\box32
\pgf@picture@serial@count=\count111
)
("A:\MiKTeX 2.9\tex\generic\pgf\basiclayer\pgfcoregraphicstate.code.tex"
File: pgfcoregraphicstate.code.tex 2014/11/02  (rcs-revision 1.12)
\pgflinewidth=\dimen151
)
("A:\MiKTeX 2.9\tex\generic\pgf\basiclayer\pgfcoretransformations.code.tex"
File: pgfcoretransformations.code.tex 2015/08/07  (rcs-revision 1.20)
\pgf@pt@x=\dimen152
\pgf@pt@y=\dimen153
\pgf@pt@temp=\dimen154
)
("A:\MiKTeX 2.9\tex\generic\pgf\basiclayer\pgfcorequick.code.tex"
File: pgfcorequick.code.tex 2008/10/09  (rcs-revision 1.3)
)
("A:\MiKTeX 2.9\tex\generic\pgf\basiclayer\pgfcoreobjects.code.tex"
File: pgfcoreobjects.code.tex 2006/10/11  (rcs-revision 1.2)
)
("A:\MiKTeX 2.9\tex\generic\pgf\basiclayer\pgfcorepathprocessing.code.tex"
File: pgfcorepathprocessing.code.tex 2013/09/09  (rcs-revision 1.9)
)
("A:\MiKTeX 2.9\tex\generic\pgf\basiclayer\pgfcorearrows.code.tex"
File: pgfcorearrows.code.tex 2015/05/14  (rcs-revision 1.43)
\pgfarrowsep=\dimen155
)
("A:\MiKTeX 2.9\tex\generic\pgf\basiclayer\pgfcoreshade.code.tex"
File: pgfcoreshade.code.tex 2013/07/15  (rcs-revision 1.15)
\pgf@max=\dimen156
\pgf@sys@shading@range@num=\count112
)
("A:\MiKTeX 2.9\tex\generic\pgf\basiclayer\pgfcoreimage.code.tex"
File: pgfcoreimage.code.tex 2013/07/15  (rcs-revision 1.18)

("A:\MiKTeX 2.9\tex\generic\pgf\basiclayer\pgfcoreexternal.code.tex"
File: pgfcoreexternal.code.tex 2014/07/09  (rcs-revision 1.21)
\pgfexternal@startupbox=\box33
))
("A:\MiKTeX 2.9\tex\generic\pgf\basiclayer\pgfcorelayers.code.tex"
File: pgfcorelayers.code.tex 2013/07/18  (rcs-revision 1.7)
)
("A:\MiKTeX 2.9\tex\generic\pgf\basiclayer\pgfcoretransparency.code.tex"
File: pgfcoretransparency.code.tex 2013/09/30  (rcs-revision 1.5)
)
("A:\MiKTeX 2.9\tex\generic\pgf\basiclayer\pgfcorepatterns.code.tex"
File: pgfcorepatterns.code.tex 2013/11/07  (rcs-revision 1.5)
)))
("A:\MiKTeX 2.9\tex\generic\pgf\modules\pgfmoduleshapes.code.tex"
File: pgfmoduleshapes.code.tex 2014/03/21  (rcs-revision 1.35)
\pgfnodeparttextbox=\box34
)
("A:\MiKTeX 2.9\tex\generic\pgf\modules\pgfmoduleplot.code.tex"
File: pgfmoduleplot.code.tex 2015/08/03  (rcs-revision 1.13)
)
("A:\MiKTeX 2.9\tex\latex\pgf\compatibility\pgfcomp-version-0-65.sty"
Package: pgfcomp-version-0-65 2007/07/03 v3.0.1a (rcs-revision 1.7)
\pgf@nodesepstart=\dimen157
\pgf@nodesepend=\dimen158
)
("A:\MiKTeX 2.9\tex\latex\pgf\compatibility\pgfcomp-version-1-18.sty"
Package: pgfcomp-version-1-18 2007/07/23 v3.0.1a (rcs-revision 1.1)
))
("A:\MiKTeX 2.9\tex\latex\tools\verbatim.sty"
Package: verbatim 2014/10/28 v1.5q LaTeX2e package for verbatim enhancements
\every@verbatim=\toks31
\verbatim@line=\toks32
\verbatim@in@stream=\read2
)
("A:\MiKTeX 2.9\tex\latex\environ\environ.sty"
Package: environ 2014/05/04 v0.3 A new way to define environments

("A:\MiKTeX 2.9\tex\latex\trimspaces\trimspaces.sty"
Package: trimspaces 2009/09/17 v1.1 Trim spaces around a token list
))
("A:\MiKTeX 2.9\tex\latex\etoolbox\etoolbox.sty"
Package: etoolbox 2017/01/02 v2.4 e-TeX tools for LaTeX (JAW)
\etb@tempcnta=\count113
)
\tcb@titlebox=\box35
\tcb@upperbox=\box36
\tcb@lowerbox=\box37
\tcb@phantombox=\box38
\c@tcbbreakpart=\count114
\c@tcblayer=\count115
\tcolorbox@number=\count116
\tcb@temp=\box39
\tcb@temp=\box40
\tcb@temp=\box41
\tcb@temp=\box42
\tcb@out=\write4
\tcb@record@out=\write5
)
("A:\MiKTeX 2.9\tex\latex\amsfonts\amssymb.sty"
Package: amssymb 2013/01/14 v3.01 AMS font symbols

("A:\MiKTeX 2.9\tex\latex\amsfonts\amsfonts.sty"
Package: amsfonts 2013/01/14 v3.01 Basic AMSFonts support
\symAMSa=\mathgroup4
\symAMSb=\mathgroup5
LaTeX Font Info:    Overwriting math alphabet `\mathfrak' in version `bold'
(Font)                  U/euf/m/n --> U/euf/b/n on input line 106.
))
("A:\MiKTeX 2.9\tex\latex\amscls\amsthm.sty"
Package: amsthm 2015/03/04 v2.20.2
\thm@style=\toks33
\thm@bodyfont=\toks34
\thm@headfont=\toks35
\thm@notefont=\toks36
\thm@headpunct=\toks37
\thm@preskip=\skip46
\thm@postskip=\skip47
\thm@headsep=\skip48
\dth@everypar=\toks38
)
("A:\MiKTeX 2.9\tex\latex\lastpage\lastpage.sty"
Package: lastpage 2015/03/29 v1.2m Refers to last page's name (HMM; JPG)
)
("A:\MiKTeX 2.9\tex\latex\fancyhdr\fancyhdr.sty"
Package: fancyhdr 2016/09/06 3.8 Extensive control of page headers and footers
\fancy@headwidth=\skip49
\f@ncyO@elh=\skip50
\f@ncyO@erh=\skip51
\f@ncyO@olh=\skip52
\f@ncyO@orh=\skip53
\f@ncyO@elf=\skip54
\f@ncyO@erf=\skip55
\f@ncyO@olf=\skip56
\f@ncyO@orf=\skip57
)
("A:\MiKTeX 2.9\tex\latex\bezos\accents.sty"
Package: accents 2006/05/12 v1.3 Math Accent Tools
\cc@skew=\dimen159
\cc@wd=\dimen160
\cc@code=\count117
\cc@group=\count118
\cc@skewchar=\count119
)
("A:\MiKTeX 2.9\tex\latex\url\url.sty"
\Urlmuskip=\muskip11
Package: url 2013/09/16  ver 3.4  Verb mode for urls, etc.
)
("A:\MiKTeX 2.9\tex\latex\hyperref\hyperref.sty"
Package: hyperref 2017/03/14 v6.85a Hypertext links for LaTeX

("A:\MiKTeX 2.9\tex\generic\oberdiek\hobsub-hyperref.sty"
Package: hobsub-hyperref 2016/05/16 v1.14 Bundle oberdiek, subset hyperref (HO)


("A:\MiKTeX 2.9\tex\generic\oberdiek\hobsub-generic.sty"
Package: hobsub-generic 2016/05/16 v1.14 Bundle oberdiek, subset generic (HO)
Package: hobsub 2016/05/16 v1.14 Construct package bundles (HO)
Package hobsub Info: Skipping package `infwarerr' (already loaded).
Package hobsub Info: Skipping package `ltxcmds' (already loaded).
Package: ifluatex 2016/05/16 v1.4 Provides the ifluatex switch (HO)
Package ifluatex Info: LuaTeX not detected.
Package hobsub Info: Skipping package `ifvtex' (already loaded).
Package: intcalc 2016/05/16 v1.2 Expandable calculations with integers (HO)
Package hobsub Info: Skipping package `ifpdf' (already loaded).
Package: etexcmds 2016/05/16 v1.6 Avoid name clashes with e-TeX commands (HO)
Package etexcmds Info: Could not find \expanded.
(etexcmds)             That can mean that you are not using pdfTeX 1.50 or
(etexcmds)             that some package has redefined \expanded.
(etexcmds)             In the latter case, load this package earlier.
Package: kvsetkeys 2016/05/16 v1.17 Key value parser (HO)
Package: kvdefinekeys 2016/05/16 v1.4 Define keys (HO)
Package: pdftexcmds 2017/03/19 v0.25 Utility functions of pdfTeX for LuaTeX (HO
)
Package pdftexcmds Info: LuaTeX not detected.
Package pdftexcmds Info: \pdf@primitive is available.
Package pdftexcmds Info: \pdf@ifprimitive is available.
Package pdftexcmds Info: \pdfdraftmode found.
Package: pdfescape 2016/05/16 v1.14 Implements pdfTeX's escape features (HO)
Package: bigintcalc 2016/05/16 v1.4 Expandable calculations on big integers (HO
)
Package: bitset 2016/05/16 v1.2 Handle bit-vector datatype (HO)
Package: uniquecounter 2016/05/16 v1.3 Provide unlimited unique counter (HO)
)
Package hobsub Info: Skipping package `hobsub' (already loaded).
Package: letltxmacro 2016/05/16 v1.5 Let assignment for LaTeX macros (HO)
Package: hopatch 2016/05/16 v1.3 Wrapper for package hooks (HO)
Package: xcolor-patch 2016/05/16 xcolor patch
Package: atveryend 2016/05/16 v1.9 Hooks at the very end of document (HO)
Package: atbegshi 2016/06/09 v1.18 At begin shipout hook (HO)
Package: refcount 2016/05/16 v3.5 Data extraction from label references (HO)
Package: hycolor 2016/05/16 v1.8 Color options for hyperref/bookmark (HO)
)
("A:\MiKTeX 2.9\tex\latex\oberdiek\auxhook.sty"
Package: auxhook 2016/05/16 v1.4 Hooks for auxiliary files (HO)
)
("A:\MiKTeX 2.9\tex\latex\oberdiek\kvoptions.sty"
Package: kvoptions 2016/05/16 v3.12 Key value format for package options (HO)
)
\@linkdim=\dimen161
\Hy@linkcounter=\count120
\Hy@pagecounter=\count121

("A:\MiKTeX 2.9\tex\latex\hyperref\pd1enc.def"
File: pd1enc.def 2017/03/14 v6.85a Hyperref: PDFDocEncoding definition (HO)
)
\Hy@SavedSpaceFactor=\count122

("A:\MiKTeX 2.9\tex\latex\00miktex\hyperref.cfg"
File: hyperref.cfg 2002/06/06 v1.2 hyperref configuration of TeXLive
)
Package hyperref Info: Option `colorlinks' set `true' on input line 4374.
Package hyperref Info: Hyper figures OFF on input line 4498.
Package hyperref Info: Link nesting OFF on input line 4503.
Package hyperref Info: Hyper index ON on input line 4506.
Package hyperref Info: Plain pages OFF on input line 4513.
Package hyperref Info: Backreferencing OFF on input line 4518.
Package hyperref Info: Implicit mode ON; LaTeX internals redefined.
Package hyperref Info: Bookmarks ON on input line 4751.
\c@Hy@tempcnt=\count123
LaTeX Info: Redefining \url on input line 5104.
\XeTeXLinkMargin=\dimen162
\Fld@menulength=\count124
\Field@Width=\dimen163
\Fld@charsize=\dimen164
Package hyperref Info: Hyper figures OFF on input line 6358.
Package hyperref Info: Link nesting OFF on input line 6363.
Package hyperref Info: Hyper index ON on input line 6366.
Package hyperref Info: backreferencing OFF on input line 6373.
Package hyperref Info: Link coloring ON on input line 6376.
Package hyperref Info: Link coloring with OCG OFF on input line 6383.
Package hyperref Info: PDF/A mode OFF on input line 6388.
LaTeX Info: Redefining \ref on input line 6428.
LaTeX Info: Redefining \pageref on input line 6432.
\Hy@abspage=\count125
\c@Item=\count126
\c@Hfootnote=\count127
)

Package hyperref Message: Driver (autodetected): hpdftex.

("A:\MiKTeX 2.9\tex\latex\hyperref\hpdftex.def"
File: hpdftex.def 2017/03/14 v6.85a Hyperref driver for pdfTeX
\Fld@listcount=\count128
\c@bookmark@seq@number=\count129

("A:\MiKTeX 2.9\tex\latex\oberdiek\rerunfilecheck.sty"
Package: rerunfilecheck 2016/05/16 v1.8 Rerun checks for auxiliary files (HO)
Package uniquecounter Info: New unique counter `rerunfilecheck' on input line 2
82.
)
\Hy@SectionHShift=\skip58
)
("A:\MiKTeX 2.9\tex\latex\changepage\changepage.sty"
Package: changepage 2009/10/20 v1.0c check page and change page layout
\c@cp@cntr=\count130
\cp@tempcnt=\count131
)
("A:\MiKTeX 2.9\tex\latex\booktabs\booktabs.sty"
Package: booktabs 2005/04/14 v1.61803 publication quality tables
\heavyrulewidth=\dimen165
\lightrulewidth=\dimen166
\cmidrulewidth=\dimen167
\belowrulesep=\dimen168
\belowbottomsep=\dimen169
\aboverulesep=\dimen170
\abovetopsep=\dimen171
\cmidrulesep=\dimen172
\cmidrulekern=\dimen173
\defaultaddspace=\dimen174
\@cmidla=\count132
\@cmidlb=\count133
\@aboverulesep=\dimen175
\@belowrulesep=\dimen176
\@thisruleclass=\count134
\@lastruleclass=\count135
\@thisrulewidth=\dimen177
)
("A:\MiKTeX 2.9\tex\latex\hyphenat\hyphenat.sty"
Package: hyphenat 2009/09/02 v2.3c hyphenation utilities
\langwohyphens=\language77
LaTeX Info: Redefining \_ on input line 43.
)
("A:\MiKTeX 2.9\tex\latex\ltxmisc\parskip.sty"
Package: parskip 2001/04/09 non-zero parskip adjustments
) (report.aux)
\openout1 = `report.aux'.

LaTeX Font Info:    Checking defaults for OML/cmm/m/it on input line 26.
LaTeX Font Info:    ... okay on input line 26.
LaTeX Font Info:    Checking defaults for T1/cmr/m/n on input line 26.
LaTeX Font Info:    ... okay on input line 26.
LaTeX Font Info:    Checking defaults for OT1/cmr/m/n on input line 26.
LaTeX Font Info:    ... okay on input line 26.
LaTeX Font Info:    Checking defaults for OMS/cmsy/m/n on input line 26.
LaTeX Font Info:    ... okay on input line 26.
LaTeX Font Info:    Checking defaults for OMX/cmex/m/n on input line 26.
LaTeX Font Info:    ... okay on input line 26.
LaTeX Font Info:    Checking defaults for U/cmr/m/n on input line 26.
LaTeX Font Info:    ... okay on input line 26.
LaTeX Font Info:    Checking defaults for PD1/pdf/m/n on input line 26.
LaTeX Font Info:    ... okay on input line 26.

*geometry* driver: auto-detecting
*geometry* detected driver: pdftex
*geometry* verbose mode - [ preamble ] result:
* driver: pdftex
* paper: <default>
* layout: <same size as paper>
* layoutoffset:(h,v)=(0.0pt,0.0pt)
* modes: 
* h-part:(L,W,R)=(72.26999pt, 469.75502pt, 72.26999pt)
* v-part:(T,H,B)=(72.26999pt, 650.43001pt, 72.26999pt)
* \paperwidth=614.295pt
* \paperheight=794.96999pt
* \textwidth=469.75502pt
* \textheight=650.43001pt
* \oddsidemargin=0.0pt
* \evensidemargin=0.0pt
* \topmargin=-37.0pt
* \headheight=40.0pt
* \headsep=25.0pt
* \topskip=12.0pt
* \footskip=30.0pt
* \marginparwidth=44.0pt
* \marginparsep=10.0pt
* \columnsep=10.0pt
* \skip\footins=10.8pt plus 4.0pt minus 2.0pt
* \hoffset=0.0pt
* \voffset=0.0pt
* \mag=1000
* \@twocolumnfalse
* \@twosidefalse
* \@mparswitchfalse
* \@reversemarginfalse
* (1in=72.27pt=25.4mm, 1cm=28.453pt)

ABD: EveryShipout initializing macros
("A:\MiKTeX 2.9\tex\context\base\supp-pdf.mkii"
[Loading MPS to PDF converter (version 2006.09.02).]
\scratchcounter=\count136
\scratchdimen=\dimen178
\scratchbox=\box43
\nofMPsegments=\count137
\nofMParguments=\count138
\everyMPshowfont=\toks39
\MPscratchCnt=\count139
\MPscratchDim=\dimen179
\MPnumerator=\count140
\makeMPintoPDFobject=\count141
\everyMPtoPDFconversion=\toks40
) ("A:\MiKTeX 2.9\tex\latex\oberdiek\epstopdf-base.sty"
Package: epstopdf-base 2016/05/15 v2.6 Base part for package epstopdf

("A:\MiKTeX 2.9\tex\latex\oberdiek\grfext.sty"
Package: grfext 2016/05/16 v1.2 Manage graphics extensions (HO)
)
Package epstopdf-base Info: Redefining graphics rule for `.eps' on input line 4
38.
Package grfext Info: Graphics extension search list:
(grfext)             [.png,.pdf,.jpg,.mps,.jpeg,.jbig2,.jb2,.PNG,.PDF,.JPG,.JPE
G,.JBIG2,.JB2,.eps]
(grfext)             \AppendGraphicsExtensions on input line 456.
)
Package lastpage Info: Please have a look at the pageslts package at
(lastpage)             https://www.ctan.org/pkg/pageslts
(lastpage)             ! on input line 26.
\AtBeginShipoutBox=\box44
Package hyperref Info: Link coloring ON on input line 26.

("A:\MiKTeX 2.9\tex\latex\hyperref\nameref.sty"
Package: nameref 2016/05/21 v2.44 Cross-referencing by name of section

("A:\MiKTeX 2.9\tex\generic\oberdiek\gettitlestring.sty"
Package: gettitlestring 2016/05/16 v1.5 Cleanup title references (HO)
)
\c@section@level=\count142
)
LaTeX Info: Redefining \ref on input line 26.
LaTeX Info: Redefining \pageref on input line 26.
LaTeX Info: Redefining \nameref on input line 26.
 (report.out)
(report.out)
\@outlinefile=\write6
\openout6 = `report.out'.

LaTeX Font Info:    Try loading font information for U+msa on input line 39.
 ("A:\MiKTeX 2.9\tex\latex\amsfonts\umsa.fd"
File: umsa.fd 2013/01/14 v3.01 AMS symbols A
)
LaTeX Font Info:    Try loading font information for U+msb on input line 39.

("A:\MiKTeX 2.9\tex\latex\amsfonts\umsb.fd"
File: umsb.fd 2013/01/14 v3.01 AMS symbols B
)
Overfull \hbox (44.33824pt too wide) in paragraph at lines 41--42
[]$\OML/cmm/m/it/12 P\OT1/cmr/m/n/12 (\OML/cmm/m/it/12 S \OT1/cmr/m/n/12 = \OML
/cmm/m/it/12 true; C \OT1/cmr/m/n/12 = \OML/cmm/m/it/12 true\OT1/cmr/m/n/12 ) =
 [][] [][] [][] [][] [][] [][] [][] \OML/cmm/m/it/12 P\OT1/cmr/m/n/12 (\OML/cmm
/m/it/12 W\OT1/cmr/m/n/12 )\OML/cmm/m/it/12 P\OT1/cmr/m/n/12 (\OML/cmm/m/it/12 
O\OT1/cmr/m/n/12 )\OML/cmm/m/it/12 P\OT1/cmr/m/n/12 (\OML/cmm/m/it/12 F\OMS/cms
y/m/n/12 j\OML/cmm/m/it/12 W; O\OT1/cmr/m/n/12 )\OML/cmm/m/it/12 P\OT1/cmr/m/n/
12 (\OML/cmm/m/it/12 c\OT1/cmr/m/n/12 )\OML/cmm/m/it/12 P\OT1/cmr/m/n/12 (\OML/
cmm/m/it/12 M\OT1/cmr/m/n/12 )\OML/cmm/m/it/12 P\OT1/cmr/m/n/12 (\OML/cmm/m/it/
12 G\OMS/cmsy/m/n/12 j\OML/cmm/m/it/12 c; M\OT1/cmr/m/n/12 )[] 
 []


Overfull \hbox (17.9695pt too wide) in paragraph at lines 45--46
[]$\OT1/cmr/m/n/12 = [][] [][] [][] [][] [][] [][] \OML/cmm/m/it/12 P\OT1/cmr/m
/n/12 (\OML/cmm/m/it/12 O\OT1/cmr/m/n/12 )\OML/cmm/m/it/12 P\OT1/cmr/m/n/12 (\O
ML/cmm/m/it/12 c\OT1/cmr/m/n/12 )\OML/cmm/m/it/12 P\OT1/cmr/m/n/12 (\OML/cmm/m/
it/12 M\OT1/cmr/m/n/12 )\OML/cmm/m/it/12 P\OT1/cmr/m/n/12 (\OML/cmm/m/it/12 G\O
MS/cmsy/m/n/12 j\OML/cmm/m/it/12 c; M\OT1/cmr/m/n/12 )\OML/cmm/m/it/12 P\OT1/cm
r/m/n/12 (\OML/cmm/m/it/12 B\OMS/cmsy/m/n/12 j\OML/cmm/m/it/12 F; G\OT1/cmr/m/n
/12 )\OML/cmm/m/it/12 P\OT1/cmr/m/n/12 (\OML/cmm/m/it/12 H\OMS/cmsy/m/n/12 j\OM
L/cmm/m/it/12 s; G\OT1/cmr/m/n/12 )\OML/cmm/m/it/12 P\OT1/cmr/m/n/12 (\OML/cmm/
m/it/12 s\OMS/cmsy/m/n/12 j\OML/cmm/m/it/12 F; B\OT1/cmr/m/n/12 )\OML/cmm/m/it/
12 '[]\OT1/cmr/m/n/12 (\OML/cmm/m/it/12 F; O\OT1/cmr/m/n/12 )$ 
 []

<q1-factors.png, id=6, 260.975pt x 429.605pt>
File: q1-factors.png Graphic file (type png)
 <use q1-factors.png>
Package pdftex.def Info: q1-factors.png used on input line 73.
(pdftex.def)             Requested size: 208.78027pt x 343.68446pt.
 [1{C:/ProgramData/MiKTeX/2.9/pdftex/config/pdftex.map}

]
Overfull \hbox (10.15839pt too wide) in paragraph at lines 79--80
[]$\OML/cmm/m/it/12 P\OT1/cmr/m/n/12 (\OML/cmm/m/it/12 F; G \OT1/cmr/m/n/12 = \
OML/cmm/m/it/12 true\OT1/cmr/m/n/12 ) = [][] [][] [][] [][] [][] [][] [][] \OML
/cmm/m/it/12 P\OT1/cmr/m/n/12 (\OML/cmm/m/it/12 W\OT1/cmr/m/n/12 )\OML/cmm/m/it
/12 P\OT1/cmr/m/n/12 (\OML/cmm/m/it/12 O\OT1/cmr/m/n/12 )\OML/cmm/m/it/12 P\OT1
/cmr/m/n/12 (\OML/cmm/m/it/12 F\OMS/cmsy/m/n/12 j\OML/cmm/m/it/12 W; O\OT1/cmr/
m/n/12 )\OML/cmm/m/it/12 P\OT1/cmr/m/n/12 (\OML/cmm/m/it/12 C\OT1/cmr/m/n/12 )\
OML/cmm/m/it/12 P\OT1/cmr/m/n/12 (\OML/cmm/m/it/12 M\OT1/cmr/m/n/12 )\OML/cmm/m
/it/12 P\OT1/cmr/m/n/12 (\OML/cmm/m/it/12 g\OMS/cmsy/m/n/12 j\OML/cmm/m/it/12 C
; M\OT1/cmr/m/n/12 )[] 
 []


Overfull \hbox (19.29001pt too wide) in paragraph at lines 83--84
[]$\OT1/cmr/m/n/12 = [][] [][] [][] [][] [][] [][] \OML/cmm/m/it/12 P\OT1/cmr/m
/n/12 (\OML/cmm/m/it/12 O\OT1/cmr/m/n/12 )\OML/cmm/m/it/12 P\OT1/cmr/m/n/12 (\O
ML/cmm/m/it/12 C\OT1/cmr/m/n/12 )\OML/cmm/m/it/12 P\OT1/cmr/m/n/12 (\OML/cmm/m/
it/12 M\OT1/cmr/m/n/12 )\OML/cmm/m/it/12 P\OT1/cmr/m/n/12 (\OML/cmm/m/it/12 g\O
MS/cmsy/m/n/12 j\OML/cmm/m/it/12 C; M\OT1/cmr/m/n/12 )\OML/cmm/m/it/12 P\OT1/cm
r/m/n/12 (\OML/cmm/m/it/12 B\OMS/cmsy/m/n/12 j\OML/cmm/m/it/12 F; g\OT1/cmr/m/n
/12 )\OML/cmm/m/it/12 P\OT1/cmr/m/n/12 (\OML/cmm/m/it/12 H\OMS/cmsy/m/n/12 j\OM
L/cmm/m/it/12 S; g\OT1/cmr/m/n/12 )\OML/cmm/m/it/12 P\OT1/cmr/m/n/12 (\OML/cmm/
m/it/12 S\OMS/cmsy/m/n/12 j\OML/cmm/m/it/12 F; B\OT1/cmr/m/n/12 )\OML/cmm/m/it/
12 '[]\OT1/cmr/m/n/12 (\OML/cmm/m/it/12 F; O\OT1/cmr/m/n/12 )$ 
 []

[2 <./q1-factors.png>]
Overfull \hbox (11.7382pt too wide) in paragraph at lines 115--116
[]$\OML/cmm/m/it/12 P\OT1/cmr/m/n/12 (\OML/cmm/m/it/12 M; G \OT1/cmr/m/n/12 = \
OML/cmm/m/it/12 true\OT1/cmr/m/n/12 ) = [][] [][] [][] [][] [][] [][] [][] \OML
/cmm/m/it/12 P\OT1/cmr/m/n/12 (\OML/cmm/m/it/12 W\OT1/cmr/m/n/12 )\OML/cmm/m/it
/12 P\OT1/cmr/m/n/12 (\OML/cmm/m/it/12 O\OT1/cmr/m/n/12 )\OML/cmm/m/it/12 P\OT1
/cmr/m/n/12 (\OML/cmm/m/it/12 F\OMS/cmsy/m/n/12 j\OML/cmm/m/it/12 W; O\OT1/cmr/
m/n/12 )\OML/cmm/m/it/12 P\OT1/cmr/m/n/12 (\OML/cmm/m/it/12 C\OT1/cmr/m/n/12 )\
OML/cmm/m/it/12 P\OT1/cmr/m/n/12 (\OML/cmm/m/it/12 M\OT1/cmr/m/n/12 )\OML/cmm/m
/it/12 P\OT1/cmr/m/n/12 (\OML/cmm/m/it/12 g\OMS/cmsy/m/n/12 j\OML/cmm/m/it/12 C
; M\OT1/cmr/m/n/12 )[] 
 []


Overfull \hbox (16.83443pt too wide) in paragraph at lines 119--120
[]$\OT1/cmr/m/n/12 = [][] [][] [][] [][] [][] [][] \OML/cmm/m/it/12 P\OT1/cmr/m
/n/12 (\OML/cmm/m/it/12 O\OT1/cmr/m/n/12 )\OML/cmm/m/it/12 P\OT1/cmr/m/n/12 (\O
ML/cmm/m/it/12 C\OT1/cmr/m/n/12 )\OML/cmm/m/it/12 P\OT1/cmr/m/n/12 (\OML/cmm/m/
it/12 M\OT1/cmr/m/n/12 )\OML/cmm/m/it/12 P\OT1/cmr/m/n/12 (\OML/cmm/m/it/12 g\O
MS/cmsy/m/n/12 j\OML/cmm/m/it/12 C; M\OT1/cmr/m/n/12 )\OML/cmm/m/it/12 P\OT1/cm
r/m/n/12 (\OML/cmm/m/it/12 B\OMS/cmsy/m/n/12 j\OML/cmm/m/it/12 F; g\OT1/cmr/m/n
/12 )\OML/cmm/m/it/12 P\OT1/cmr/m/n/12 (\OML/cmm/m/it/12 H\OMS/cmsy/m/n/12 j\OM
L/cmm/m/it/12 S; g\OT1/cmr/m/n/12 )\OML/cmm/m/it/12 P\OT1/cmr/m/n/12 (\OML/cmm/
m/it/12 S\OMS/cmsy/m/n/12 j\OML/cmm/m/it/12 F; B\OT1/cmr/m/n/12 )\OML/cmm/m/it/
12 '[]\OT1/cmr/m/n/12 (\OML/cmm/m/it/12 F; O\OT1/cmr/m/n/12 )$ 
 []


Overfull \hbox (41.94661pt too wide) in paragraph at lines 151--152
[]$\OML/cmm/m/it/12 P\OT1/cmr/m/n/12 (\OML/cmm/m/it/12 M; G \OT1/cmr/m/n/12 = \
OML/cmm/m/it/12 true; S \OT1/cmr/m/n/12 = \OML/cmm/m/it/12 true\OT1/cmr/m/n/12 
) = [][] [][] [][] [][] [][] [][] \OML/cmm/m/it/12 P\OT1/cmr/m/n/12 (\OML/cmm/m
/it/12 W\OT1/cmr/m/n/12 )\OML/cmm/m/it/12 P\OT1/cmr/m/n/12 (\OML/cmm/m/it/12 O\
OT1/cmr/m/n/12 )\OML/cmm/m/it/12 P\OT1/cmr/m/n/12 (\OML/cmm/m/it/12 F\OMS/cmsy/
m/n/12 j\OML/cmm/m/it/12 W; O\OT1/cmr/m/n/12 )\OML/cmm/m/it/12 P\OT1/cmr/m/n/12
 (\OML/cmm/m/it/12 C\OT1/cmr/m/n/12 )\OML/cmm/m/it/12 P\OT1/cmr/m/n/12 (\OML/cm
m/m/it/12 M\OT1/cmr/m/n/12 )\OML/cmm/m/it/12 P\OT1/cmr/m/n/12 (\OML/cmm/m/it/12
 g\OMS/cmsy/m/n/12 j\OML/cmm/m/it/12 C; M\OT1/cmr/m/n/12 )[] 
 []

[3]
Overfull \hbox (22.93979pt too wide) in paragraph at lines 183--184
[]$\OML/cmm/m/it/12 P\OT1/cmr/m/n/12 (\OML/cmm/m/it/12 W; G \OT1/cmr/m/n/12 = \
OML/cmm/m/it/12 true; S \OT1/cmr/m/n/12 = \OML/cmm/m/it/12 true; B \OT1/cmr/m/n
/12 = \OML/cmm/m/it/12 false\OT1/cmr/m/n/12 ) = [][] [][] [][] [][] [][] \OML/c
mm/m/it/12 P\OT1/cmr/m/n/12 (\OML/cmm/m/it/12 W\OT1/cmr/m/n/12 )\OML/cmm/m/it/1
2 P\OT1/cmr/m/n/12 (\OML/cmm/m/it/12 O\OT1/cmr/m/n/12 )\OML/cmm/m/it/12 P\OT1/c
mr/m/n/12 (\OML/cmm/m/it/12 F\OMS/cmsy/m/n/12 j\OML/cmm/m/it/12 W; O\OT1/cmr/m/
n/12 )\OML/cmm/m/it/12 P\OT1/cmr/m/n/12 (\OML/cmm/m/it/12 C\OT1/cmr/m/n/12 )\OM
L/cmm/m/it/12 P\OT1/cmr/m/n/12 (\OML/cmm/m/it/12 M\OT1/cmr/m/n/12 )[] 
 []

[4] <q2-matrix.png, id=40, 632.3625pt x 88.33pt>
File: q2-matrix.png Graphic file (type png)
 <use q2-matrix.png>
Package pdftex.def Info: q2-matrix.png used on input line 211.
(pdftex.def)             Requested size: 474.27072pt x 66.24733pt.

Overfull \hbox (4.5157pt too wide) in paragraph at lines 211--212
[][] 
 []

[5 <./q2-matrix.png>] [6] <q4.png, id=52, 381.67593pt x 476.53032pt>
File: q4.png Graphic file (type png)

<use q4.png>
Package pdftex.def Info: q4.png used on input line 257.
(pdftex.def)             Requested size: 190.8375pt x 238.26457pt.

Overfull \hbox (34.55382pt too wide) in paragraph at lines 259--260
[]\OT1/cmr/m/n/12 The gen-er-ated junc-tion tree is shown in the above di-a-gra
m where $\OML/cmm/m/it/12 \OT1/cmr/m/n/12 (\OML/cmm/m/it/12 X[]; X[]\OT1/cmr/m
/n/12 ) = \OML/cmm/m/it/12 \OT1/cmr/m/n/12 (\OML/cmm/m/it/12 x[]; x[]; x[]; x[
]; x[]; x[]\OT1/cmr/m/n/12 )$
 []


Overfull \hbox (43.90944pt too wide) in paragraph at lines 269--270
[]$\OML/cmm/m/it/12 []\OT1/cmr/m/n/12 (\OML/cmm/m/it/12 X[]\OT1/cmr/m/n/12 ) =
 [][] \OML/cmm/m/it/12 \OT1/cmr/m/n/12 (\OML/cmm/m/it/12 X[]; X[]\OT1/cmr/m/n/
12 ) = [][] = \OML/cmm/m/it/12 \OT1/cmr/m/n/12 (\OML/cmm/m/it/12 x[]; x[]\OT1/
cmr/m/n/12 )\OML/cmm/m/it/12 \OT1/cmr/m/n/12 (\OML/cmm/m/it/12 x[]; x[]\OT1/cm
r/m/n/12 )\OML/cmm/m/it/12 \OT1/cmr/m/n/12 (\OML/cmm/m/it/12 x[]; x[]\OT1/cmr/
m/n/12 )\OML/cmm/m/it/12 \OT1/cmr/m/n/12 (\OML/cmm/m/it/12 x[]; x[]\OT1/cmr/m/
n/12 )\OML/cmm/m/it/12 \OT1/cmr/m/n/12 (\OML/cmm/m/it/12 x[]; x[]\OT1/cmr/m/n/
12 )\OML/cmm/m/it/12 \OT1/cmr/m/n/12 (\OML/cmm/m/it/12 x[]; x[]\OT1/cmr/m/n/12
 )\OML/cmm/m/it/12 \OT1/cmr/m/n/12 (\OML/cmm/m/it/12 x[]; x[]\OT1/cmr/m/n/12 )
$ 
 []


Overfull \hbox (13.1961pt too wide) in paragraph at lines 281--282
[]$\OML/cmm/m/it/12 []\OT1/cmr/m/n/12 (\OML/cmm/m/it/12 X[]; X[]\OT1/cmr/m/n/1
2 ) = \OML/cmm/m/it/12 \OT1/cmr/m/n/12 (\OML/cmm/m/it/12 X[]; X[]\OT1/cmr/m/n/
12 )[] = \OML/cmm/m/it/12 \OT1/cmr/m/n/12 (\OML/cmm/m/it/12 X[]; X[]\OT1/cmr/m
/n/12 ) [][] \OML/cmm/m/it/12 \OT1/cmr/m/n/12 (\OML/cmm/m/it/12 X[]; X[]\OT1/c
mr/m/n/12 ) [] [][] \OML/cmm/m/it/12 \OT1/cmr/m/n/12 (\OML/cmm/m/it/12 X[]; X[
]\OT1/cmr/m/n/12 )$ 
 []


Underfull \hbox (badness 10000) in paragraph at lines 281--282

 []

[7 <./q4.png>] [8]
Underfull \hbox (badness 10000) in paragraph at lines 337--342

 []

[9] [10] <q6-junctiontree-general.png, id=77, 715.17188pt x 151.3153pt>
File: q6-junctiontree-general.png Graphic file (type png)

<use q6-junctiontree-general.png>
Package pdftex.def Info: q6-junctiontree-general.png used on input line 370.
(pdftex.def)             Requested size: 357.58505pt x 75.65746pt.

<q6-junctiontree.png, id=78, 1139.00531pt x 341.02406pt>
File: q6-junctiontree.png Graphic file (type png)

<use q6-junctiontree.png>
Package pdftex.def Info: q6-junctiontree.png used on input line 386.
(pdftex.def)             Requested size: 455.59406pt x 136.4072pt.

Overfull \hbox (16.58304pt too wide) in paragraph at lines 394--395
[]$\OML/cmm/m/it/12 []\OT1/cmr/m/n/12 (\OML/cmm/m/it/12 x[]; x[]; x[]\OT1/cmr/
m/n/12 ) = \OML/cmm/m/it/12 \OT1/cmr/m/n/12 (\OML/cmm/m/it/12 x[]; x[]; x[]\OT
1/cmr/m/n/12 )[] = \OML/cmm/m/it/12 \OT1/cmr/m/n/12 (\OML/cmm/m/it/12 x[]; x[]
; x[]\OT1/cmr/m/n/12 )[] = \OML/cmm/m/it/12 \OT1/cmr/m/n/12 (\OML/cmm/m/it/12 
x[]; x[]; x[]\OT1/cmr/m/n/12 ) [][] \OML/cmm/m/it/12 \OT1/cmr/m/n/12 (\OML/cmm
/m/it/12 x[]; x[]; x[]\OT1/cmr/m/n/12 )$ 
 []

[11 <./q6-junctiontree-general.png> <./q6-junctiontree.png>] [12]
<q7-trees.jpg, id=90, 1735.48375pt x 2012.51875pt>
File: q7-trees.jpg Graphic file (type jpg)
 <use q7-trees.jpg>
Package pdftex.def Info: q7-trees.jpg used on input line 426.
(pdftex.def)             Requested size: 173.55853pt x 201.26366pt.
 [13 <./q7-trees.jpg>] [14]
Overfull \hbox (15.1451pt too wide) in paragraph at lines 481--482
[]\OT1/cmr/m/n/12 Now, we will cal-cu-late the run-time of this al-go-rithm. Fo
r $\OML/cmm/m/it/12 '[]\OT1/cmr/m/n/12 (0\OML/cmm/m/it/12 ; \OT1/cmr/m/n/12 1\O
ML/cmm/m/it/12 ; \OT1/cmr/m/n/12 2\OML/cmm/m/it/12 ; \OT1/cmr/m/n/12 3)$, there
 are 2 mul-ti-pli-ca-tions
 []

<q8b-cliquetree.jpg, id=102, 1705.37125pt x 2674.99374pt>
File: q8b-cliquetree.jpg Graphic file (type jpg)

<use q8b-cliquetree.jpg>
Package pdftex.def Info: q8b-cliquetree.jpg used on input line 487.
(pdftex.def)             Requested size: 170.54712pt x 267.51505pt.
 [15] [16 <./q8b-cliquetree.jpg>]
<query1.png, id=113, 187.70125pt x 42.1575pt>
File: query1.png Graphic file (type png)
 <use query1.png>
Package pdftex.def Info: query1.png used on input line 502.
(pdftex.def)             Requested size: 150.1612pt x 33.72603pt.

<query2.png, id=114, 289.08pt x 465.74pt>
File: query2.png Graphic file (type png)
 <use query2.png>
Package pdftex.def Info: query2.png used on input line 508.
(pdftex.def)             Requested size: 202.35461pt x 326.01578pt.

<query3.png, id=115, 193.72375pt x 45.16875pt>
File: query3.png Graphic file (type png)
 <use query3.png>
Package pdftex.def Info: query3.png used on input line 514.
(pdftex.def)             Requested size: 154.9792pt x 36.13503pt.
 [17 <./query1.png> <./query2.png>]
Overfull \hbox (8.33446pt too wide) in paragraph at lines 522--523
\OT1/cmr/m/n/12 0.3308, and con-sid-er-ing there are 4096 pos-si-ble state con-
fig-u-ra-tions, that means each pa-ram-e-ter
 []


Overfull \hbox (30.20229pt too wide) in paragraph at lines 522--523
\OT1/cmr/m/n/12 suit-able for query-ing this graph, which works well and re-all
y shows how ef-fi-cient our im-ple-men-ta-tion
 []


AED: lastpage setting LastPage

Overfull \hbox (3.36923pt too wide) in paragraph at lines 524--525
[]\OT1/cmr/m/n/12 In terms of the ac-cu-racy of the pre-dic-tions above com-par
ed to the true un-der-ly-ing dis-tri-bu-tion,
 []

[18 <./query3.png>]
Package atveryend Info: Empty hook `BeforeClearDocument' on input line 525.
Package atveryend Info: Empty hook `AfterLastShipout' on input line 525.
 (report.aux)
Package atveryend Info: Executing hook `AtVeryEndDocument' on input line 525.
Package atveryend Info: Executing hook `AtEndAfterFileList' on input line 525.
Package rerunfilecheck Info: File `report.out' has not changed.
(rerunfilecheck)             Checksum: D41D8CD98F00B204E9800998ECF8427E;0.
 ) 
Here is how much of TeX's memory you used:
 16206 strings out of 493320
 292889 string characters out of 3145002
 378718 words of memory out of 3000000
 19433 multiletter control sequences out of 15000+200000
 9213 words of font info for 35 fonts, out of 3000000 for 9000
 1141 hyphenation exceptions out of 8191
 54i,12n,73p,1887b,325s stack positions out of 5000i,500n,10000p,200000b,50000s
<A:/MiKTeX 2.9/fonts/type1/public/amsfonts/cm/cmbx12.pfb><A:/MiKTeX 2.9/fonts
/type1/public/amsfonts/cm/cmex10.pfb><A:/MiKTeX 2.9/fonts/type1/public/amsfonts
/cmextra/cmex8.pfb><A:/MiKTeX 2.9/fonts/type1/public/amsfonts/cm/cmmi12.pfb><A:
/MiKTeX 2.9/fonts/type1/public/amsfonts/cm/cmmi6.pfb><A:/MiKTeX 2.9/fonts/type1
/public/amsfonts/cm/cmmi8.pfb><A:/MiKTeX 2.9/fonts/type1/public/amsfonts/cm/cmr
12.pfb><A:/MiKTeX 2.9/fonts/type1/public/amsfonts/cm/cmr6.pfb><A:/MiKTeX 2.9/fo
nts/type1/public/amsfonts/cm/cmr8.pfb><A:/MiKTeX 2.9/fonts/type1/public/amsfont
s/cm/cmsy10.pfb><A:/MiKTeX 2.9/fonts/type1/public/amsfonts/cm/cmsy6.pfb><A:/MiK
TeX 2.9/fonts/type1/public/amsfonts/cm/cmsy8.pfb>
Output written on report.pdf (18 pages, 2887016 bytes).
PDF statistics:
 172 PDF objects out of 1000 (max. 8388607)
 19 named destinations out of 1000 (max. 500000)
 63 words of extra memory for PDF output out of 10000 (max. 10000000)

